# JRE version: Java(TM) SE Runtime Environment (8.0_66-b17) (build 1.8.0_66-b17)
# Java VM: Java HotSpot(TM) Client VM (25.66-b17 mixed mode windows-x86 )
Heap:
 def new generation   total 39424K, used 6311K [0x04800000, 0x072c0000, 0x0f2a0000)
  eden space 35072K,  14% used [0x04800000, 0x04d20a60, 0x06a40000)
  from space 4352K,  24% used [0x06e80000, 0x06f892a0, 0x072c0000)
  to   space 4352K,   0% used [0x06a40000, 0x06a40000, 0x06e80000)
 tenured generation   total 87424K, used 80859K [0x0f2a0000, 0x14800000, 0x24800000)
   the space 87424K,  92% used [0x0f2a0000, 0x14196ed0, 0x14197000, 0x14800000)
 Metaspace       used 18883K, capacity 19326K, committed 19456K, reserved 19840K
GC Heap History (10 events):
Event: 18015.336 GC heap before
{Heap before GC invocations=37 (full 1):
 def new generation   total 39424K, used 38713K [0x04800000, 0x072c0000, 0x0f2a0000)
  eden space 35072K, 100% used [0x04800000, 0x06a40000, 0x06a40000)
  from space 4352K,  83% used [0x06a40000, 0x06dce4c8, 0x06e80000)
  to   space 4352K,   0% used [0x06e80000, 0x06e80000, 0x072c0000)
 tenured generation   total 87424K, used 59523K [0x0f2a0000, 0x14800000, 0x24800000)
   the space 87424K,  68% used [0x0f2a0000, 0x12cc0ee8, 0x12cc1000, 0x14800000)
 Metaspace       used 18882K, capacity 19326K, committed 19456K, reserved 19840K
Event: 18015.340 GC heap after
Heap after GC invocations=38 (full 1):
 def new generation   total 39424K, used 3529K [0x04800000, 0x072c0000, 0x0f2a0000)
  eden space 35072K,   0% used [0x04800000, 0x04800000, 0x06a40000)
  from space 4352K,  81% used [0x06e80000, 0x071f24c0, 0x072c0000)
  to   space 4352K,   0% used [0x06a40000, 0x06a40000, 0x06e80000)
 tenured generation   total 87424K, used 63143K [0x0f2a0000, 0x14800000, 0x24800000)
   the space 87424K,  72% used [0x0f2a0000, 0x13049ef0, 0x1304a000, 0x14800000)
 Metaspace       used 18882K, capacity 19326K, committed 19456K, reserved 19840K
}
Event: 18384.176 GC heap before
{Heap before GC invocations=38 (full 1):
 def new generation   total 39424K, used 38601K [0x04800000, 0x072c0000, 0x0f2a0000)
  eden space 35072K, 100% used [0x04800000, 0x06a40000, 0x06a40000)
  from space 4352K,  81% used [0x06e80000, 0x071f24c0, 0x072c0000)
  to   space 4352K,   0% used [0x06a40000, 0x06a40000, 0x06e80000)
 tenured generation   total 87424K, used 63143K [0x0f2a0000, 0x14800000, 0x24800000)
   the space 87424K,  72% used [0x0f2a0000, 0x13049ef0, 0x1304a000, 0x14800000)
 Metaspace       used 18882K, capacity 19326K, committed 19456K, reserved 19840K
Event: 18384.179 GC heap after
Heap after GC invocations=39 (full 1):
 def new generation   total 39424K, used 3653K [0x04800000, 0x072c0000, 0x0f2a0000)
  eden space 35072K,   0% used [0x04800000, 0x04800000, 0x06a40000)
  from space 4352K,  83% used [0x06a40000, 0x06dd1518, 0x06e80000)
  to   space 4352K,   0% used [0x06e80000, 0x06e80000, 0x072c0000)
 tenured generation   total 87424K, used 66627K [0x0f2a0000, 0x14800000, 0x24800000)
   the space 87424K,  76% used [0x0f2a0000, 0x133b0ed8, 0x133b1000, 0x14800000)
 Metaspace       used 18882K, capacity 19326K, committed 19456K, reserved 19840K
}
Event: 18822.648 GC heap before
{Heap before GC invocations=39 (full 1):
 def new generation   total 39424K, used 36366K [0x04800000, 0x072c0000, 0x0f2a0000)
  eden space 35072K,  93% used [0x04800000, 0x067f24b8, 0x06a40000)
  from space 4352K,  83% used [0x06a40000, 0x06dd1518, 0x06e80000)
  to   space 4352K,   0% used [0x06e80000, 0x06e80000, 0x072c0000)
 tenured generation   total 87424K, used 66627K [0x0f2a0000, 0x14800000, 0x24800000)
   the space 87424K,  76% used [0x0f2a0000, 0x133b0ed8, 0x133b1000, 0x14800000)
 Metaspace       used 18882K, capacity 19326K, committed 19456K, reserved 19840K
Event: 18822.651 GC heap after
Heap after GC invocations=40 (full 1):
 def new generation   total 39424K, used 3513K [0x04800000, 0x072c0000, 0x0f2a0000)
  eden space 35072K,   0% used [0x04800000, 0x04800000, 0x06a40000)
  from space 4352K,  80% used [0x06e80000, 0x071ee400, 0x072c0000)
  to   space 4352K,   0% used [0x06a40000, 0x06a40000, 0x06e80000)
 tenured generation   total 87424K, used 70247K [0x0f2a0000, 0x14800000, 0x24800000)
   the space 87424K,  80% used [0x0f2a0000, 0x13739f78, 0x1373a000, 0x14800000)
 Metaspace       used 18882K, capacity 19326K, committed 19456K, reserved 19840K
}
Event: 19481.780 GC heap before
{Heap before GC invocations=40 (full 1):
 def new generation   total 39424K, used 38585K [0x04800000, 0x072c0000, 0x0f2a0000)
  eden space 35072K, 100% used [0x04800000, 0x06a40000, 0x06a40000)
  from space 4352K,  80% used [0x06e80000, 0x071ee400, 0x072c0000)
  to   space 4352K,   0% used [0x06a40000, 0x06a40000, 0x06e80000)
 tenured generation   total 87424K, used 70247K [0x0f2a0000, 0x14800000, 0x24800000)
   the space 87424K,  80% used [0x0f2a0000, 0x13739f78, 0x1373a000, 0x14800000)
 Metaspace       used 18882K, capacity 19326K, committed 19456K, reserved 19840K
Event: 19481.783 GC heap after
Heap after GC invocations=41 (full 1):
 def new generation   total 39424K, used 3655K [0x04800000, 0x072c0000, 0x0f2a0000)
  eden space 35072K,   0% used [0x04800000, 0x04800000, 0x06a40000)
  from space 4352K,  83% used [0x06a40000, 0x06dd1e18, 0x06e80000)
  to   space 4352K,   0% used [0x06e80000, 0x06e80000, 0x072c0000)
 tenured generation   total 87424K, used 73731K [0x0f2a0000, 0x14800000, 0x24800000)
   the space 87424K,  84% used [0x0f2a0000, 0x13aa0ee0, 0x13aa1000, 0x14800000)
 Metaspace       used 18882K, capacity 19326K, committed 19456K, reserved 19840K
}
Event: 19894.684 GC heap before
{Heap before GC invocations=41 (full 1):
 def new generation   total 39424K, used 37768K [0x04800000, 0x072c0000, 0x0f2a0000)
  eden space 35072K,  97% used [0x04800000, 0x06950440, 0x06a40000)
  from space 4352K,  83% used [0x06a40000, 0x06dd1e18, 0x06e80000)
  to   space 4352K,   0% used [0x06e80000, 0x06e80000, 0x072c0000)
 tenured generation   total 87424K, used 73731K [0x0f2a0000, 0x14800000, 0x24800000)
   the space 87424K,  84% used [0x0f2a0000, 0x13aa0ee0, 0x13aa1000, 0x14800000)
 Metaspace       used 18883K, capacity 19326K, committed 19456K, reserved 19840K
Event: 19894.688 GC heap after
Heap after GC invocations=42 (full 1):
 def new generation   total 39424K, used 1060K [0x04800000, 0x072c0000, 0x0f2a0000)
  eden space 35072K,   0% used [0x04800000, 0x04800000, 0x06a40000)
  from space 4352K,  24% used [0x06e80000, 0x06f892a0, 0x072c0000)
  to   space 4352K,   0% used [0x06a40000, 0x06a40000, 0x06e80000)
 tenured generation   total 87424K, used 80859K [0x0f2a0000, 0x14800000, 0x24800000)
   the space 87424K,  92% used [0x0f2a0000, 0x14196ed0, 0x14197000, 0x14800000)
 Metaspace       used 18883K, capacity 19326K, committed 19456K, reserved 19840K
}

